2019-06-26T01:56:37+00:00 CRITICAL Uncaught ArgumentCountError: Too few arguments to function {closure}(), 1 passed and exactly 2 expected in D:\wamp64\www\namanstore\wp-content\plugins\kioviet\kioviet.php:59
Stack trace:
#0 [internal function]: {closure}(Array)
#1 D:\wamp64\www\namanstore\wp-content\plugins\kioviet\kioviet.php(61): array_filter(Array, Object(Closure))
#2 D:\wamp64\www\namanstore\wp-content\plugins\kioviet\kioviet.php(53): query_sync_data_by_productID(NULL, NULL)
#3 D:\wamp64\www\namanstore\wp-includes\class-wp-hook.php(286): sync_data_ajax('')
#4 D:\wamp64\www\namanstore\wp-includes\class-wp-hook.php(310): WP_Hook->apply_filters('', Array)
#5 D:\wamp64\www\namanstore\wp-includes\plugin.php(453): WP_Hook->do_action(Array)
#6 D:\wamp64\www\namanstore\wp-admin\admin-ajax.php(99): do_action('wp_ajax_sync_da...')
#7 {main}
  thrown in D:\wamp64\www\namanstore\wp-content\plugins\kioviet\kioviet.php on line 59

2019-06-26T01:56:45+00:00 CRITICAL Uncaught ArgumentCountError: Too few arguments to function {closure}(), 1 passed and exactly 2 expected in D:\wamp64\www\namanstore\wp-content\plugins\kioviet\kioviet.php:59
Stack trace:
#0 [internal function]: {closure}(Array)
#1 D:\wamp64\www\namanstore\wp-content\plugins\kioviet\kioviet.php(61): array_filter(Array, Object(Closure))
#2 D:\wamp64\www\namanstore\wp-content\plugins\kioviet\kioviet.php(53): query_sync_data_by_productID(NULL, Array)
#3 D:\wamp64\www\namanstore\wp-includes\class-wp-hook.php(286): sync_data_ajax('')
#4 D:\wamp64\www\namanstore\wp-includes\class-wp-hook.php(310): WP_Hook->apply_filters('', Array)
#5 D:\wamp64\www\namanstore\wp-includes\plugin.php(453): WP_Hook->do_action(Array)
#6 D:\wamp64\www\namanstore\wp-admin\admin-ajax.php(99): do_action('wp_ajax_sync_da...')
#7 {main}
  thrown in D:\wamp64\www\namanstore\wp-content\plugins\kioviet\kioviet.php on line 59

2019-06-26T04:28:17+00:00 CRITICAL Uncaught Error: Call to a member function post() on null in D:\wamp64\www\namanstore\wp-content\plugins\kioviet\kioviet.php:81
Stack trace:
#0 D:\wamp64\www\namanstore\wp-content\plugins\kioviet\kioviet.php(53): query_sync_data_by_productID(NULL, NULL)
#1 D:\wamp64\www\namanstore\wp-includes\class-wp-hook.php(286): sync_data_ajax('')
#2 D:\wamp64\www\namanstore\wp-includes\class-wp-hook.php(310): WP_Hook->apply_filters('', Array)
#3 D:\wamp64\www\namanstore\wp-includes\plugin.php(453): WP_Hook->do_action(Array)
#4 D:\wamp64\www\namanstore\wp-admin\admin-ajax.php(99): do_action('wp_ajax_sync_da...')
#5 {main}
  thrown in D:\wamp64\www\namanstore\wp-content\plugins\kioviet\kioviet.php on line 81

2019-06-26T04:29:11+00:00 CRITICAL Uncaught Error: Call to a member function post() on null in D:\wamp64\www\namanstore\wp-content\plugins\kioviet\kioviet.php:92
Stack trace:
#0 D:\wamp64\www\namanstore\wp-content\plugins\kioviet\kioviet.php(53): query_sync_data_by_productID(NULL, NULL)
#1 D:\wamp64\www\namanstore\wp-includes\class-wp-hook.php(286): sync_data_ajax('')
#2 D:\wamp64\www\namanstore\wp-includes\class-wp-hook.php(310): WP_Hook->apply_filters('', Array)
#3 D:\wamp64\www\namanstore\wp-includes\plugin.php(453): WP_Hook->do_action(Array)
#4 D:\wamp64\www\namanstore\wp-admin\admin-ajax.php(99): do_action('wp_ajax_sync_da...')
#5 {main}
  thrown in D:\wamp64\www\namanstore\wp-content\plugins\kioviet\kioviet.php on line 92

2019-06-26T04:29:20+00:00 CRITICAL Uncaught Error: Call to a member function post() on null in D:\wamp64\www\namanstore\wp-content\plugins\kioviet\kioviet.php:92
Stack trace:
#0 D:\wamp64\www\namanstore\wp-content\plugins\kioviet\kioviet.php(53): query_sync_data_by_productID(NULL, NULL)
#1 D:\wamp64\www\namanstore\wp-includes\class-wp-hook.php(286): sync_data_ajax('')
#2 D:\wamp64\www\namanstore\wp-includes\class-wp-hook.php(310): WP_Hook->apply_filters('', Array)
#3 D:\wamp64\www\namanstore\wp-includes\plugin.php(453): WP_Hook->do_action(Array)
#4 D:\wamp64\www\namanstore\wp-admin\admin-ajax.php(99): do_action('wp_ajax_sync_da...')
#5 {main}
  thrown in D:\wamp64\www\namanstore\wp-content\plugins\kioviet\kioviet.php on line 92

2019-06-26T04:30:05+00:00 CRITICAL Uncaught Error: Call to a member function post() on null in D:\wamp64\www\namanstore\wp-content\plugins\kioviet\kioviet.php:91
Stack trace:
#0 D:\wamp64\www\namanstore\wp-content\plugins\kioviet\kioviet.php(53): query_sync_data_by_productID(NULL, NULL)
#1 D:\wamp64\www\namanstore\wp-includes\class-wp-hook.php(286): sync_data_ajax('')
#2 D:\wamp64\www\namanstore\wp-includes\class-wp-hook.php(310): WP_Hook->apply_filters('', Array)
#3 D:\wamp64\www\namanstore\wp-includes\plugin.php(453): WP_Hook->do_action(Array)
#4 D:\wamp64\www\namanstore\wp-admin\admin-ajax.php(99): do_action('wp_ajax_sync_da...')
#5 {main}
  thrown in D:\wamp64\www\namanstore\wp-content\plugins\kioviet\kioviet.php on line 91

2019-06-26T04:33:16+00:00 CRITICAL Uncaught Error: Call to a member function post() on null in D:\wamp64\www\namanstore\wp-content\plugins\kioviet\kioviet.php:91
Stack trace:
#0 D:\wamp64\www\namanstore\wp-content\plugins\kioviet\kioviet.php(53): query_sync_data_by_productID(NULL, NULL)
#1 D:\wamp64\www\namanstore\wp-includes\class-wp-hook.php(286): sync_data_ajax('')
#2 D:\wamp64\www\namanstore\wp-includes\class-wp-hook.php(310): WP_Hook->apply_filters('', Array)
#3 D:\wamp64\www\namanstore\wp-includes\plugin.php(453): WP_Hook->do_action(Array)
#4 D:\wamp64\www\namanstore\wp-admin\admin-ajax.php(99): do_action('wp_ajax_sync_da...')
#5 {main}
  thrown in D:\wamp64\www\namanstore\wp-content\plugins\kioviet\kioviet.php on line 91

2019-06-26T04:36:31+00:00 CRITICAL Uncaught Error: Call to a member function post() on null in D:\wamp64\www\namanstore\wp-content\themes\flatsome-child\functions.php:165
Stack trace:
#0 D:\wamp64\www\namanstore\wp-includes\class-wp-hook.php(286): my_init('')
#1 D:\wamp64\www\namanstore\wp-includes\class-wp-hook.php(310): WP_Hook->apply_filters(NULL, Array)
#2 D:\wamp64\www\namanstore\wp-includes\plugin.php(453): WP_Hook->do_action(Array)
#3 D:\wamp64\www\namanstore\wp-settings.php(467): do_action('init')
#4 D:\wamp64\www\namanstore\wp-config.php(92): require_once('D:\\wamp64\\www\\n...')
#5 D:\wamp64\www\namanstore\wp-load.php(37): require_once('D:\\wamp64\\www\\n...')
#6 D:\wamp64\www\namanstore\wp-admin\admin.php(31): require_once('D:\\wamp64\\www\\n...')
#7 {main}
  thrown in D:\wamp64\www\namanstore\wp-content\themes\flatsome-child\functions.php on line 165

2019-06-26T04:37:16+00:00 CRITICAL Uncaught Error: Call to undefined method WooCommerce::post() in D:\wamp64\www\namanstore\wp-content\themes\flatsome-child\functions.php:166
Stack trace:
#0 D:\wamp64\www\namanstore\wp-includes\class-wp-hook.php(286): my_init('')
#1 D:\wamp64\www\namanstore\wp-includes\class-wp-hook.php(310): WP_Hook->apply_filters(NULL, Array)
#2 D:\wamp64\www\namanstore\wp-includes\plugin.php(453): WP_Hook->do_action(Array)
#3 D:\wamp64\www\namanstore\wp-settings.php(467): do_action('init')
#4 D:\wamp64\www\namanstore\wp-config.php(92): require_once('D:\\wamp64\\www\\n...')
#5 D:\wamp64\www\namanstore\wp-load.php(37): require_once('D:\\wamp64\\www\\n...')
#6 D:\wamp64\www\namanstore\wp-cron.php(33): require_once('D:\\wamp64\\www\\n...')
#7 {main}
  thrown in D:\wamp64\www\namanstore\wp-content\themes\flatsome-child\functions.php on line 166

2019-06-26T04:37:16+00:00 CRITICAL Uncaught Error: Call to undefined method WooCommerce::post() in D:\wamp64\www\namanstore\wp-content\themes\flatsome-child\functions.php:166
Stack trace:
#0 D:\wamp64\www\namanstore\wp-includes\class-wp-hook.php(286): my_init('')
#1 D:\wamp64\www\namanstore\wp-includes\class-wp-hook.php(310): WP_Hook->apply_filters(NULL, Array)
#2 D:\wamp64\www\namanstore\wp-includes\plugin.php(453): WP_Hook->do_action(Array)
#3 D:\wamp64\www\namanstore\wp-settings.php(467): do_action('init')
#4 D:\wamp64\www\namanstore\wp-config.php(92): require_once('D:\\wamp64\\www\\n...')
#5 D:\wamp64\www\namanstore\wp-load.php(37): require_once('D:\\wamp64\\www\\n...')
#6 D:\wamp64\www\namanstore\wp-admin\admin.php(31): require_once('D:\\wamp64\\www\\n...')
#7 {main}
  thrown in D:\wamp64\www\namanstore\wp-content\themes\flatsome-child\functions.php on line 166

2019-06-26T04:37:36+00:00 CRITICAL Uncaught Error: Call to undefined method WooCommerce::post() in D:\wamp64\www\namanstore\wp-content\themes\flatsome-child\functions.php:166
Stack trace:
#0 D:\wamp64\www\namanstore\wp-includes\class-wp-hook.php(286): my_init('')
#1 D:\wamp64\www\namanstore\wp-includes\class-wp-hook.php(310): WP_Hook->apply_filters(NULL, Array)
#2 D:\wamp64\www\namanstore\wp-includes\plugin.php(453): WP_Hook->do_action(Array)
#3 D:\wamp64\www\namanstore\wp-settings.php(467): do_action('init')
#4 D:\wamp64\www\namanstore\wp-config.php(92): require_once('D:\\wamp64\\www\\n...')
#5 D:\wamp64\www\namanstore\wp-load.php(37): require_once('D:\\wamp64\\www\\n...')
#6 D:\wamp64\www\namanstore\wp-admin\admin-ajax.php(22): require_once('D:\\wamp64\\www\\n...')
#7 {main}
  thrown in D:\wamp64\www\namanstore\wp-content\themes\flatsome-child\functions.php on line 166

2019-06-26T04:39:37+00:00 CRITICAL Uncaught Error: Call to undefined method WooCommerce::post() in D:\wamp64\www\namanstore\wp-content\themes\flatsome-child\functions.php:166
Stack trace:
#0 D:\wamp64\www\namanstore\wp-includes\class-wp-hook.php(286): my_init('')
#1 D:\wamp64\www\namanstore\wp-includes\class-wp-hook.php(310): WP_Hook->apply_filters(NULL, Array)
#2 D:\wamp64\www\namanstore\wp-includes\plugin.php(453): WP_Hook->do_action(Array)
#3 D:\wamp64\www\namanstore\wp-settings.php(467): do_action('init')
#4 D:\wamp64\www\namanstore\wp-config.php(92): require_once('D:\\wamp64\\www\\n...')
#5 D:\wamp64\www\namanstore\wp-load.php(37): require_once('D:\\wamp64\\www\\n...')
#6 D:\wamp64\www\namanstore\wp-cron.php(33): require_once('D:\\wamp64\\www\\n...')
#7 {main}
  thrown in D:\wamp64\www\namanstore\wp-content\themes\flatsome-child\functions.php on line 166

2019-06-26T04:39:37+00:00 CRITICAL Uncaught Error: Call to undefined method WooCommerce::post() in D:\wamp64\www\namanstore\wp-content\themes\flatsome-child\functions.php:166
Stack trace:
#0 D:\wamp64\www\namanstore\wp-includes\class-wp-hook.php(286): my_init('')
#1 D:\wamp64\www\namanstore\wp-includes\class-wp-hook.php(310): WP_Hook->apply_filters(NULL, Array)
#2 D:\wamp64\www\namanstore\wp-includes\plugin.php(453): WP_Hook->do_action(Array)
#3 D:\wamp64\www\namanstore\wp-settings.php(467): do_action('init')
#4 D:\wamp64\www\namanstore\wp-config.php(92): require_once('D:\\wamp64\\www\\n...')
#5 D:\wamp64\www\namanstore\wp-load.php(37): require_once('D:\\wamp64\\www\\n...')
#6 D:\wamp64\www\namanstore\wp-admin\admin-ajax.php(22): require_once('D:\\wamp64\\www\\n...')
#7 {main}
  thrown in D:\wamp64\www\namanstore\wp-content\themes\flatsome-child\functions.php on line 166

2019-06-26T04:40:23+00:00 CRITICAL Uncaught Error: Call to a member function get_cart() on null in D:\wamp64\www\namanstore\wp-content\themes\flatsome-child\functions.php:142
Stack trace:
#0 D:\wamp64\www\namanstore\wp-includes\class-wp-hook.php(286): my_init('')
#1 D:\wamp64\www\namanstore\wp-includes\class-wp-hook.php(310): WP_Hook->apply_filters(NULL, Array)
#2 D:\wamp64\www\namanstore\wp-includes\plugin.php(453): WP_Hook->do_action(Array)
#3 D:\wamp64\www\namanstore\wp-settings.php(467): do_action('init')
#4 D:\wamp64\www\namanstore\wp-config.php(92): require_once('D:\\wamp64\\www\\n...')
#5 D:\wamp64\www\namanstore\wp-load.php(37): require_once('D:\\wamp64\\www\\n...')
#6 D:\wamp64\www\namanstore\wp-admin\admin.php(31): require_once('D:\\wamp64\\www\\n...')
#7 {main}
  thrown in D:\wamp64\www\namanstore\wp-content\themes\flatsome-child\functions.php on line 142

2019-06-26T04:40:42+00:00 CRITICAL Uncaught Error: Call to a member function get_cart() on null in D:\wamp64\www\namanstore\wp-content\themes\flatsome-child\functions.php:142
Stack trace:
#0 D:\wamp64\www\namanstore\wp-includes\class-wp-hook.php(286): my_init('')
#1 D:\wamp64\www\namanstore\wp-includes\class-wp-hook.php(310): WP_Hook->apply_filters(NULL, Array)
#2 D:\wamp64\www\namanstore\wp-includes\plugin.php(453): WP_Hook->do_action(Array)
#3 D:\wamp64\www\namanstore\wp-settings.php(488): do_action('wp_loaded')
#4 D:\wamp64\www\namanstore\wp-config.php(92): require_once('D:\\wamp64\\www\\n...')
#5 D:\wamp64\www\namanstore\wp-load.php(37): require_once('D:\\wamp64\\www\\n...')
#6 D:\wamp64\www\namanstore\wp-cron.php(33): require_once('D:\\wamp64\\www\\n...')
#7 {main}
  thrown in D:\wamp64\www\namanstore\wp-content\themes\flatsome-child\functions.php on line 142

2019-06-26T04:40:42+00:00 CRITICAL Uncaught Error: Call to a member function get_cart() on null in D:\wamp64\www\namanstore\wp-content\themes\flatsome-child\functions.php:142
Stack trace:
#0 D:\wamp64\www\namanstore\wp-includes\class-wp-hook.php(286): my_init('')
#1 D:\wamp64\www\namanstore\wp-includes\class-wp-hook.php(310): WP_Hook->apply_filters(NULL, Array)
#2 D:\wamp64\www\namanstore\wp-includes\plugin.php(453): WP_Hook->do_action(Array)
#3 D:\wamp64\www\namanstore\wp-settings.php(488): do_action('wp_loaded')
#4 D:\wamp64\www\namanstore\wp-config.php(92): require_once('D:\\wamp64\\www\\n...')
#5 D:\wamp64\www\namanstore\wp-load.php(37): require_once('D:\\wamp64\\www\\n...')
#6 D:\wamp64\www\namanstore\wp-admin\admin.php(31): require_once('D:\\wamp64\\www\\n...')
#7 {main}
  thrown in D:\wamp64\www\namanstore\wp-content\themes\flatsome-child\functions.php on line 142

2019-06-26T04:42:53+00:00 CRITICAL Uncaught Error: Call to a member function get_cart() on null in D:\wamp64\www\namanstore\wp-content\themes\flatsome-child\functions.php:142
Stack trace:
#0 D:\wamp64\www\namanstore\wp-includes\class-wp-hook.php(286): my_init('')
#1 D:\wamp64\www\namanstore\wp-includes\class-wp-hook.php(310): WP_Hook->apply_filters(NULL, Array)
#2 D:\wamp64\www\namanstore\wp-includes\plugin.php(453): WP_Hook->do_action(Array)
#3 D:\wamp64\www\namanstore\wp-settings.php(488): do_action('wp_loaded')
#4 D:\wamp64\www\namanstore\wp-config.php(92): require_once('D:\\wamp64\\www\\n...')
#5 D:\wamp64\www\namanstore\wp-load.php(37): require_once('D:\\wamp64\\www\\n...')
#6 D:\wamp64\www\namanstore\wp-cron.php(33): require_once('D:\\wamp64\\www\\n...')
#7 {main}
  thrown in D:\wamp64\www\namanstore\wp-content\themes\flatsome-child\functions.php on line 142

2019-06-26T04:44:54+00:00 CRITICAL Uncaught Error: Call to a member function get_cart() on null in D:\wamp64\www\namanstore\wp-content\themes\flatsome-child\functions.php:142
Stack trace:
#0 D:\wamp64\www\namanstore\wp-includes\class-wp-hook.php(286): my_init('')
#1 D:\wamp64\www\namanstore\wp-includes\class-wp-hook.php(310): WP_Hook->apply_filters(NULL, Array)
#2 D:\wamp64\www\namanstore\wp-includes\plugin.php(453): WP_Hook->do_action(Array)
#3 D:\wamp64\www\namanstore\wp-settings.php(488): do_action('wp_loaded')
#4 D:\wamp64\www\namanstore\wp-config.php(92): require_once('D:\\wamp64\\www\\n...')
#5 D:\wamp64\www\namanstore\wp-load.php(37): require_once('D:\\wamp64\\www\\n...')
#6 D:\wamp64\www\namanstore\wp-cron.php(33): require_once('D:\\wamp64\\www\\n...')
#7 {main}
  thrown in D:\wamp64\www\namanstore\wp-content\themes\flatsome-child\functions.php on line 142

2019-06-26T04:46:55+00:00 CRITICAL Uncaught Error: Call to a member function get_cart() on null in D:\wamp64\www\namanstore\wp-content\themes\flatsome-child\functions.php:142
Stack trace:
#0 D:\wamp64\www\namanstore\wp-includes\class-wp-hook.php(286): my_init('')
#1 D:\wamp64\www\namanstore\wp-includes\class-wp-hook.php(310): WP_Hook->apply_filters(NULL, Array)
#2 D:\wamp64\www\namanstore\wp-includes\plugin.php(453): WP_Hook->do_action(Array)
#3 D:\wamp64\www\namanstore\wp-settings.php(488): do_action('wp_loaded')
#4 D:\wamp64\www\namanstore\wp-config.php(92): require_once('D:\\wamp64\\www\\n...')
#5 D:\wamp64\www\namanstore\wp-load.php(37): require_once('D:\\wamp64\\www\\n...')
#6 D:\wamp64\www\namanstore\wp-cron.php(33): require_once('D:\\wamp64\\www\\n...')
#7 {main}
  thrown in D:\wamp64\www\namanstore\wp-content\themes\flatsome-child\functions.php on line 142

2019-06-26T04:47:36+00:00 CRITICAL Uncaught Error: Call to a member function get_cart() on null in D:\wamp64\www\namanstore\wp-content\themes\flatsome-child\functions.php:143
Stack trace:
#0 D:\wamp64\www\namanstore\wp-includes\class-wp-hook.php(286): wpse8170_woocommerce_init('')
#1 D:\wamp64\www\namanstore\wp-includes\class-wp-hook.php(310): WP_Hook->apply_filters('', Array)
#2 D:\wamp64\www\namanstore\wp-includes\plugin.php(453): WP_Hook->do_action(Array)
#3 D:\wamp64\www\namanstore\wp-content\plugins\woocommerce\includes\class-woocommerce.php(503): do_action('woocommerce_ini...')
#4 D:\wamp64\www\namanstore\wp-includes\class-wp-hook.php(286): WooCommerce->init('')
#5 D:\wamp64\www\namanstore\wp-includes\class-wp-hook.php(310): WP_Hook->apply_filters(NULL, Array)
#6 D:\wamp64\www\namanstore\wp-includes\plugin.php(453): WP_Hook->do_action(Array)
#7 D:\wamp64\www\namanstore\wp-settings.php(467): do_action('init')
#8 D:\wamp64\www\namanstore\wp-config.php(92): require_once('D:\\wamp64\\www\\n...')
#9 D:\wamp64\www\namanstore\wp-load.php(37): r in D:\wamp64\www\namanstore\wp-content\themes\flatsome-child\functions.php on line 143

2019-06-26T04:47:58+00:00 CRITICAL Uncaught Error: Call to undefined method WooCommerce::post() in D:\wamp64\www\namanstore\wp-content\themes\flatsome-child\functions.php:166
Stack trace:
#0 D:\wamp64\www\namanstore\wp-includes\class-wp-hook.php(286): wpse8170_woocommerce_init('')
#1 D:\wamp64\www\namanstore\wp-includes\class-wp-hook.php(310): WP_Hook->apply_filters('', Array)
#2 D:\wamp64\www\namanstore\wp-includes\plugin.php(453): WP_Hook->do_action(Array)
#3 D:\wamp64\www\namanstore\wp-content\plugins\woocommerce\includes\class-woocommerce.php(503): do_action('woocommerce_ini...')
#4 D:\wamp64\www\namanstore\wp-includes\class-wp-hook.php(286): WooCommerce->init('')
#5 D:\wamp64\www\namanstore\wp-includes\class-wp-hook.php(310): WP_Hook->apply_filters(NULL, Array)
#6 D:\wamp64\www\namanstore\wp-includes\plugin.php(453): WP_Hook->do_action(Array)
#7 D:\wamp64\www\namanstore\wp-settings.php(467): do_action('init')
#8 D:\wamp64\www\namanstore\wp-config.php(92): require_once('D:\\wamp64\\www\\n...')
#9 D:\wamp64\www\namanstore\wp-load.php(37): r in D:\wamp64\www\namanstore\wp-content\themes\flatsome-child\functions.php on line 166

2019-06-26T04:48:17+00:00 CRITICAL Uncaught Error: Call to undefined method WooCommerce::post() in D:\wamp64\www\namanstore\wp-content\themes\flatsome-child\functions.php:166
Stack trace:
#0 D:\wamp64\www\namanstore\wp-includes\class-wp-hook.php(286): wpse8170_woocommerce_init('')
#1 D:\wamp64\www\namanstore\wp-includes\class-wp-hook.php(310): WP_Hook->apply_filters('', Array)
#2 D:\wamp64\www\namanstore\wp-includes\plugin.php(453): WP_Hook->do_action(Array)
#3 D:\wamp64\www\namanstore\wp-content\plugins\woocommerce\includes\class-woocommerce.php(503): do_action('woocommerce_ini...')
#4 D:\wamp64\www\namanstore\wp-includes\class-wp-hook.php(286): WooCommerce->init('')
#5 D:\wamp64\www\namanstore\wp-includes\class-wp-hook.php(310): WP_Hook->apply_filters(NULL, Array)
#6 D:\wamp64\www\namanstore\wp-includes\plugin.php(453): WP_Hook->do_action(Array)
#7 D:\wamp64\www\namanstore\wp-settings.php(467): do_action('init')
#8 D:\wamp64\www\namanstore\wp-config.php(92): require_once('D:\\wamp64\\www\\n...')
#9 D:\wamp64\www\namanstore\wp-load.php(37): r in D:\wamp64\www\namanstore\wp-content\themes\flatsome-child\functions.php on line 166

2019-06-26T04:48:50+00:00 CRITICAL Uncaught Error: Call to undefined method WooCommerce::post() in D:\wamp64\www\namanstore\wp-content\themes\flatsome-child\functions.php:166
Stack trace:
#0 D:\wamp64\www\namanstore\wp-includes\class-wp-hook.php(286): wpse8170_woocommerce_init('')
#1 D:\wamp64\www\namanstore\wp-includes\class-wp-hook.php(310): WP_Hook->apply_filters('', Array)
#2 D:\wamp64\www\namanstore\wp-includes\plugin.php(453): WP_Hook->do_action(Array)
#3 D:\wamp64\www\namanstore\wp-content\plugins\woocommerce\includes\class-woocommerce.php(503): do_action('woocommerce_ini...')
#4 D:\wamp64\www\namanstore\wp-includes\class-wp-hook.php(286): WooCommerce->init('')
#5 D:\wamp64\www\namanstore\wp-includes\class-wp-hook.php(310): WP_Hook->apply_filters(NULL, Array)
#6 D:\wamp64\www\namanstore\wp-includes\plugin.php(453): WP_Hook->do_action(Array)
#7 D:\wamp64\www\namanstore\wp-settings.php(467): do_action('init')
#8 D:\wamp64\www\namanstore\wp-config.php(92): require_once('D:\\wamp64\\www\\n...')
#9 D:\wamp64\www\namanstore\wp-load.php(37): r in D:\wamp64\www\namanstore\wp-content\themes\flatsome-child\functions.php on line 166

2019-06-26T04:48:51+00:00 CRITICAL Uncaught Error: Call to undefined method WooCommerce::post() in D:\wamp64\www\namanstore\wp-content\themes\flatsome-child\functions.php:166
Stack trace:
#0 D:\wamp64\www\namanstore\wp-includes\class-wp-hook.php(286): wpse8170_woocommerce_init('')
#1 D:\wamp64\www\namanstore\wp-includes\class-wp-hook.php(310): WP_Hook->apply_filters('', Array)
#2 D:\wamp64\www\namanstore\wp-includes\plugin.php(453): WP_Hook->do_action(Array)
#3 D:\wamp64\www\namanstore\wp-content\plugins\woocommerce\includes\class-woocommerce.php(503): do_action('woocommerce_ini...')
#4 D:\wamp64\www\namanstore\wp-includes\class-wp-hook.php(286): WooCommerce->init('')
#5 D:\wamp64\www\namanstore\wp-includes\class-wp-hook.php(310): WP_Hook->apply_filters(NULL, Array)
#6 D:\wamp64\www\namanstore\wp-includes\plugin.php(453): WP_Hook->do_action(Array)
#7 D:\wamp64\www\namanstore\wp-settings.php(467): do_action('init')
#8 D:\wamp64\www\namanstore\wp-config.php(92): require_once('D:\\wamp64\\www\\n...')
#9 D:\wamp64\www\namanstore\wp-load.php(37): r in D:\wamp64\www\namanstore\wp-content\themes\flatsome-child\functions.php on line 166

2019-06-26T04:49:06+00:00 CRITICAL Uncaught Error: Call to undefined method WooCommerce::post() in D:\wamp64\www\namanstore\wp-content\themes\flatsome-child\functions.php:166
Stack trace:
#0 D:\wamp64\www\namanstore\wp-includes\class-wp-hook.php(286): wpse8170_woocommerce_init('')
#1 D:\wamp64\www\namanstore\wp-includes\class-wp-hook.php(310): WP_Hook->apply_filters('', Array)
#2 D:\wamp64\www\namanstore\wp-includes\plugin.php(453): WP_Hook->do_action(Array)
#3 D:\wamp64\www\namanstore\wp-content\plugins\woocommerce\includes\class-woocommerce.php(503): do_action('woocommerce_ini...')
#4 D:\wamp64\www\namanstore\wp-includes\class-wp-hook.php(286): WooCommerce->init('')
#5 D:\wamp64\www\namanstore\wp-includes\class-wp-hook.php(310): WP_Hook->apply_filters(NULL, Array)
#6 D:\wamp64\www\namanstore\wp-includes\plugin.php(453): WP_Hook->do_action(Array)
#7 D:\wamp64\www\namanstore\wp-settings.php(467): do_action('init')
#8 D:\wamp64\www\namanstore\wp-config.php(92): require_once('D:\\wamp64\\www\\n...')
#9 D:\wamp64\www\namanstore\wp-load.php(37): r in D:\wamp64\www\namanstore\wp-content\themes\flatsome-child\functions.php on line 166

2019-06-26T04:51:07+00:00 CRITICAL Uncaught Error: Call to undefined method WooCommerce::post() in D:\wamp64\www\namanstore\wp-content\themes\flatsome-child\functions.php:166
Stack trace:
#0 D:\wamp64\www\namanstore\wp-includes\class-wp-hook.php(286): wpse8170_woocommerce_init('')
#1 D:\wamp64\www\namanstore\wp-includes\class-wp-hook.php(310): WP_Hook->apply_filters('', Array)
#2 D:\wamp64\www\namanstore\wp-includes\plugin.php(453): WP_Hook->do_action(Array)
#3 D:\wamp64\www\namanstore\wp-content\plugins\woocommerce\includes\class-woocommerce.php(503): do_action('woocommerce_ini...')
#4 D:\wamp64\www\namanstore\wp-includes\class-wp-hook.php(286): WooCommerce->init('')
#5 D:\wamp64\www\namanstore\wp-includes\class-wp-hook.php(310): WP_Hook->apply_filters(NULL, Array)
#6 D:\wamp64\www\namanstore\wp-includes\plugin.php(453): WP_Hook->do_action(Array)
#7 D:\wamp64\www\namanstore\wp-settings.php(467): do_action('init')
#8 D:\wamp64\www\namanstore\wp-config.php(92): require_once('D:\\wamp64\\www\\n...')
#9 D:\wamp64\www\namanstore\wp-load.php(37): r in D:\wamp64\www\namanstore\wp-content\themes\flatsome-child\functions.php on line 166

2019-06-26T04:52:05+00:00 CRITICAL Uncaught Error: Call to undefined method WooCommerce::get() in D:\wamp64\www\namanstore\wp-content\themes\flatsome-child\functions.php:166
Stack trace:
#0 D:\wamp64\www\namanstore\wp-includes\class-wp-hook.php(286): wpse8170_woocommerce_init('')
#1 D:\wamp64\www\namanstore\wp-includes\class-wp-hook.php(310): WP_Hook->apply_filters('', Array)
#2 D:\wamp64\www\namanstore\wp-includes\plugin.php(453): WP_Hook->do_action(Array)
#3 D:\wamp64\www\namanstore\wp-content\plugins\woocommerce\includes\class-woocommerce.php(503): do_action('woocommerce_ini...')
#4 D:\wamp64\www\namanstore\wp-includes\class-wp-hook.php(286): WooCommerce->init('')
#5 D:\wamp64\www\namanstore\wp-includes\class-wp-hook.php(310): WP_Hook->apply_filters(NULL, Array)
#6 D:\wamp64\www\namanstore\wp-includes\plugin.php(453): WP_Hook->do_action(Array)
#7 D:\wamp64\www\namanstore\wp-settings.php(467): do_action('init')
#8 D:\wamp64\www\namanstore\wp-config.php(92): require_once('D:\\wamp64\\www\\n...')
#9 D:\wamp64\www\namanstore\wp-load.php(37): re in D:\wamp64\www\namanstore\wp-content\themes\flatsome-child\functions.php on line 166

2019-06-26T04:52:06+00:00 CRITICAL Uncaught Error: Call to undefined method WooCommerce::get() in D:\wamp64\www\namanstore\wp-content\themes\flatsome-child\functions.php:166
Stack trace:
#0 D:\wamp64\www\namanstore\wp-includes\class-wp-hook.php(286): wpse8170_woocommerce_init('')
#1 D:\wamp64\www\namanstore\wp-includes\class-wp-hook.php(310): WP_Hook->apply_filters('', Array)
#2 D:\wamp64\www\namanstore\wp-includes\plugin.php(453): WP_Hook->do_action(Array)
#3 D:\wamp64\www\namanstore\wp-content\plugins\woocommerce\includes\class-woocommerce.php(503): do_action('woocommerce_ini...')
#4 D:\wamp64\www\namanstore\wp-includes\class-wp-hook.php(286): WooCommerce->init('')
#5 D:\wamp64\www\namanstore\wp-includes\class-wp-hook.php(310): WP_Hook->apply_filters(NULL, Array)
#6 D:\wamp64\www\namanstore\wp-includes\plugin.php(453): WP_Hook->do_action(Array)
#7 D:\wamp64\www\namanstore\wp-settings.php(467): do_action('init')
#8 D:\wamp64\www\namanstore\wp-config.php(92): require_once('D:\\wamp64\\www\\n...')
#9 D:\wamp64\www\namanstore\wp-load.php(37): re in D:\wamp64\www\namanstore\wp-content\themes\flatsome-child\functions.php on line 166

2019-06-26T04:53:27+00:00 CRITICAL Uncaught Error: Call to undefined method WooCommerce::get() in D:\wamp64\www\namanstore\wp-content\themes\flatsome-child\functions.php:166
Stack trace:
#0 D:\wamp64\www\namanstore\wp-includes\class-wp-hook.php(286): wpse8170_woocommerce_init('')
#1 D:\wamp64\www\namanstore\wp-includes\class-wp-hook.php(310): WP_Hook->apply_filters('', Array)
#2 D:\wamp64\www\namanstore\wp-includes\plugin.php(453): WP_Hook->do_action(Array)
#3 D:\wamp64\www\namanstore\wp-content\plugins\woocommerce\includes\class-woocommerce.php(555): do_action('woocommerce_ini...')
#4 D:\wamp64\www\namanstore\wp-includes\class-wp-hook.php(286): WooCommerce->init('')
#5 D:\wamp64\www\namanstore\wp-includes\class-wp-hook.php(310): WP_Hook->apply_filters(NULL, Array)
#6 D:\wamp64\www\namanstore\wp-includes\plugin.php(453): WP_Hook->do_action(Array)
#7 D:\wamp64\www\namanstore\wp-settings.php(467): do_action('init')
#8 D:\wamp64\www\namanstore\wp-config.php(92): require_once('D:\\wamp64\\www\\n...')
#9 D:\wamp64\www\namanstore\wp-load.php(37): re in D:\wamp64\www\namanstore\wp-content\themes\flatsome-child\functions.php on line 166

2019-06-26T04:54:37+00:00 CRITICAL Uncaught Error: Call to undefined method WooCommerce::get() in D:\wamp64\www\namanstore\wp-content\themes\flatsome-child\functions.php:166
Stack trace:
#0 D:\wamp64\www\namanstore\wp-includes\class-wp-hook.php(286): wpse8170_woocommerce_init('')
#1 D:\wamp64\www\namanstore\wp-includes\class-wp-hook.php(310): WP_Hook->apply_filters('', Array)
#2 D:\wamp64\www\namanstore\wp-includes\plugin.php(453): WP_Hook->do_action(Array)
#3 D:\wamp64\www\namanstore\wp-content\plugins\woocommerce\includes\class-woocommerce.php(555): do_action('woocommerce_ini...')
#4 D:\wamp64\www\namanstore\wp-includes\class-wp-hook.php(286): WooCommerce->init('')
#5 D:\wamp64\www\namanstore\wp-includes\class-wp-hook.php(310): WP_Hook->apply_filters(NULL, Array)
#6 D:\wamp64\www\namanstore\wp-includes\plugin.php(453): WP_Hook->do_action(Array)
#7 D:\wamp64\www\namanstore\wp-settings.php(467): do_action('init')
#8 D:\wamp64\www\namanstore\wp-config.php(92): require_once('D:\\wamp64\\www\\n...')
#9 D:\wamp64\www\namanstore\wp-load.php(37): re in D:\wamp64\www\namanstore\wp-content\themes\flatsome-child\functions.php on line 166

2019-06-26T04:54:55+00:00 CRITICAL Uncaught Error: Call to undefined method WooCommerce::get() in D:\wamp64\www\namanstore\wp-content\themes\flatsome-child\functions.php:166
Stack trace:
#0 D:\wamp64\www\namanstore\wp-includes\class-wp-hook.php(286): wpse8170_woocommerce_init('')
#1 D:\wamp64\www\namanstore\wp-includes\class-wp-hook.php(310): WP_Hook->apply_filters('', Array)
#2 D:\wamp64\www\namanstore\wp-includes\plugin.php(453): WP_Hook->do_action(Array)
#3 D:\wamp64\www\namanstore\wp-content\plugins\woocommerce\includes\class-woocommerce.php(555): do_action('woocommerce_ini...')
#4 D:\wamp64\www\namanstore\wp-includes\class-wp-hook.php(286): WooCommerce->init('')
#5 D:\wamp64\www\namanstore\wp-includes\class-wp-hook.php(310): WP_Hook->apply_filters(NULL, Array)
#6 D:\wamp64\www\namanstore\wp-includes\plugin.php(453): WP_Hook->do_action(Array)
#7 D:\wamp64\www\namanstore\wp-settings.php(467): do_action('init')
#8 D:\wamp64\www\namanstore\wp-config.php(92): require_once('D:\\wamp64\\www\\n...')
#9 D:\wamp64\www\namanstore\wp-load.php(37): re in D:\wamp64\www\namanstore\wp-content\themes\flatsome-child\functions.php on line 166

2019-06-26T04:55:22+00:00 CRITICAL Uncaught Error: Call to undefined method WooCommerce::get() in D:\wamp64\www\namanstore\wp-content\themes\flatsome-child\functions.php:166
Stack trace:
#0 D:\wamp64\www\namanstore\wp-includes\class-wp-hook.php(286): wpse8170_woocommerce_init('')
#1 D:\wamp64\www\namanstore\wp-includes\class-wp-hook.php(310): WP_Hook->apply_filters('', Array)
#2 D:\wamp64\www\namanstore\wp-includes\plugin.php(453): WP_Hook->do_action(Array)
#3 D:\wamp64\www\namanstore\wp-content\plugins\woocommerce\includes\class-woocommerce.php(555): do_action('woocommerce_ini...')
#4 D:\wamp64\www\namanstore\wp-includes\class-wp-hook.php(286): WooCommerce->init('')
#5 D:\wamp64\www\namanstore\wp-includes\class-wp-hook.php(310): WP_Hook->apply_filters(NULL, Array)
#6 D:\wamp64\www\namanstore\wp-includes\plugin.php(453): WP_Hook->do_action(Array)
#7 D:\wamp64\www\namanstore\wp-settings.php(467): do_action('init')
#8 D:\wamp64\www\namanstore\wp-config.php(92): require_once('D:\\wamp64\\www\\n...')
#9 D:\wamp64\www\namanstore\wp-load.php(37): re in D:\wamp64\www\namanstore\wp-content\themes\flatsome-child\functions.php on line 166

2019-06-26T04:56:22+00:00 CRITICAL Uncaught Error: Call to undefined method WooCommerce::get() in D:\wamp64\www\namanstore\wp-content\themes\flatsome-child\functions.php:166
Stack trace:
#0 D:\wamp64\www\namanstore\wp-includes\class-wp-hook.php(286): wpse8170_woocommerce_init('')
#1 D:\wamp64\www\namanstore\wp-includes\class-wp-hook.php(310): WP_Hook->apply_filters('', Array)
#2 D:\wamp64\www\namanstore\wp-includes\plugin.php(453): WP_Hook->do_action(Array)
#3 D:\wamp64\www\namanstore\wp-content\plugins\woocommerce\includes\class-woocommerce.php(555): do_action('woocommerce_ini...')
#4 D:\wamp64\www\namanstore\wp-includes\class-wp-hook.php(286): WooCommerce->init('')
#5 D:\wamp64\www\namanstore\wp-includes\class-wp-hook.php(310): WP_Hook->apply_filters(NULL, Array)
#6 D:\wamp64\www\namanstore\wp-includes\plugin.php(453): WP_Hook->do_action(Array)
#7 D:\wamp64\www\namanstore\wp-settings.php(467): do_action('init')
#8 D:\wamp64\www\namanstore\wp-config.php(92): require_once('D:\\wamp64\\www\\n...')
#9 D:\wamp64\www\namanstore\wp-load.php(37): re in D:\wamp64\www\namanstore\wp-content\themes\flatsome-child\functions.php on line 166

2019-06-26T04:57:22+00:00 CRITICAL Uncaught Error: Call to undefined method WooCommerce::get() in D:\wamp64\www\namanstore\wp-content\themes\flatsome-child\functions.php:166
Stack trace:
#0 D:\wamp64\www\namanstore\wp-includes\class-wp-hook.php(286): wpse8170_woocommerce_init('')
#1 D:\wamp64\www\namanstore\wp-includes\class-wp-hook.php(310): WP_Hook->apply_filters('', Array)
#2 D:\wamp64\www\namanstore\wp-includes\plugin.php(453): WP_Hook->do_action(Array)
#3 D:\wamp64\www\namanstore\wp-content\plugins\woocommerce\includes\class-woocommerce.php(555): do_action('woocommerce_ini...')
#4 D:\wamp64\www\namanstore\wp-includes\class-wp-hook.php(286): WooCommerce->init('')
#5 D:\wamp64\www\namanstore\wp-includes\class-wp-hook.php(310): WP_Hook->apply_filters(NULL, Array)
#6 D:\wamp64\www\namanstore\wp-includes\plugin.php(453): WP_Hook->do_action(Array)
#7 D:\wamp64\www\namanstore\wp-settings.php(467): do_action('init')
#8 D:\wamp64\www\namanstore\wp-config.php(92): require_once('D:\\wamp64\\www\\n...')
#9 D:\wamp64\www\namanstore\wp-load.php(37): re in D:\wamp64\www\namanstore\wp-content\themes\flatsome-child\functions.php on line 166

2019-06-26T04:58:40+00:00 CRITICAL Uncaught Error: Call to undefined method WooCommerce::get() in D:\wamp64\www\namanstore\wp-content\themes\flatsome-child\functions.php:166
Stack trace:
#0 D:\wamp64\www\namanstore\wp-includes\class-wp-hook.php(286): wpse8170_woocommerce_init('')
#1 D:\wamp64\www\namanstore\wp-includes\class-wp-hook.php(310): WP_Hook->apply_filters('', Array)
#2 D:\wamp64\www\namanstore\wp-includes\plugin.php(453): WP_Hook->do_action(Array)
#3 D:\wamp64\www\namanstore\wp-content\plugins\woocommerce\includes\class-woocommerce.php(555): do_action('woocommerce_ini...')
#4 D:\wamp64\www\namanstore\wp-includes\class-wp-hook.php(286): WooCommerce->init('')
#5 D:\wamp64\www\namanstore\wp-includes\class-wp-hook.php(310): WP_Hook->apply_filters(NULL, Array)
#6 D:\wamp64\www\namanstore\wp-includes\plugin.php(453): WP_Hook->do_action(Array)
#7 D:\wamp64\www\namanstore\wp-settings.php(467): do_action('init')
#8 D:\wamp64\www\namanstore\wp-config.php(92): require_once('D:\\wamp64\\www\\n...')
#9 D:\wamp64\www\namanstore\wp-load.php(37): re in D:\wamp64\www\namanstore\wp-content\themes\flatsome-child\functions.php on line 166

2019-06-26T04:58:59+00:00 CRITICAL Uncaught Error: Call to undefined method WooCommerce::get() in D:\wamp64\www\namanstore\wp-content\themes\flatsome-child\functions.php:166
Stack trace:
#0 D:\wamp64\www\namanstore\wp-includes\class-wp-hook.php(286): wpse8170_woocommerce_init('')
#1 D:\wamp64\www\namanstore\wp-includes\class-wp-hook.php(310): WP_Hook->apply_filters('', Array)
#2 D:\wamp64\www\namanstore\wp-includes\plugin.php(453): WP_Hook->do_action(Array)
#3 D:\wamp64\www\namanstore\wp-content\plugins\woocommerce\includes\class-woocommerce.php(555): do_action('woocommerce_ini...')
#4 D:\wamp64\www\namanstore\wp-includes\class-wp-hook.php(286): WooCommerce->init('')
#5 D:\wamp64\www\namanstore\wp-includes\class-wp-hook.php(310): WP_Hook->apply_filters(NULL, Array)
#6 D:\wamp64\www\namanstore\wp-includes\plugin.php(453): WP_Hook->do_action(Array)
#7 D:\wamp64\www\namanstore\wp-settings.php(467): do_action('init')
#8 D:\wamp64\www\namanstore\wp-config.php(92): require_once('D:\\wamp64\\www\\n...')
#9 D:\wamp64\www\namanstore\wp-load.php(37): re in D:\wamp64\www\namanstore\wp-content\themes\flatsome-child\functions.php on line 166

2019-06-26T07:06:07+00:00 CRITICAL Uncaught Error: Call to undefined method Automattic\WooCommerce\Client::plugin_url() in D:\wamp64\www\namanstore\wp-content\plugins\yith-woocommerce-wishlist\plugin-fw\lib\yit-assets.php:77
Stack trace:
#0 D:\wamp64\www\namanstore\wp-includes\class-wp-hook.php(286): YIT_Assets->register_styles_and_scripts('toplevel_page_k...')
#1 D:\wamp64\www\namanstore\wp-includes\class-wp-hook.php(310): WP_Hook->apply_filters(NULL, Array)
#2 D:\wamp64\www\namanstore\wp-includes\plugin.php(453): WP_Hook->do_action(Array)
#3 D:\wamp64\www\namanstore\wp-admin\admin-header.php(97): do_action('admin_enqueue_s...', 'toplevel_page_k...')
#4 D:\wamp64\www\namanstore\wp-admin\admin.php(216): require_once('D:\\wamp64\\www\\n...')
#5 {main}
  thrown in D:\wamp64\www\namanstore\wp-content\plugins\yith-woocommerce-wishlist\plugin-fw\lib\yit-assets.php on line 77

2019-06-26T07:07:04+00:00 CRITICAL Uncaught Error: Call to undefined method Automattic\WooCommerce\Client::plugin_url() in D:\wamp64\www\namanstore\wp-content\plugins\yith-woocommerce-wishlist\plugin-fw\lib\yit-assets.php:77
Stack trace:
#0 D:\wamp64\www\namanstore\wp-includes\class-wp-hook.php(286): YIT_Assets->register_styles_and_scripts('toplevel_page_k...')
#1 D:\wamp64\www\namanstore\wp-includes\class-wp-hook.php(310): WP_Hook->apply_filters(NULL, Array)
#2 D:\wamp64\www\namanstore\wp-includes\plugin.php(453): WP_Hook->do_action(Array)
#3 D:\wamp64\www\namanstore\wp-admin\admin-header.php(97): do_action('admin_enqueue_s...', 'toplevel_page_k...')
#4 D:\wamp64\www\namanstore\wp-admin\admin.php(216): require_once('D:\\wamp64\\www\\n...')
#5 {main}
  thrown in D:\wamp64\www\namanstore\wp-content\plugins\yith-woocommerce-wishlist\plugin-fw\lib\yit-assets.php on line 77

2019-06-26T07:08:48+00:00 CRITICAL Uncaught Error: Call to undefined method Automattic\WooCommerce\Client::plugin_url() in D:\wamp64\www\namanstore\wp-content\plugins\yith-woocommerce-wishlist\plugin-fw\lib\yit-assets.php:77
Stack trace:
#0 D:\wamp64\www\namanstore\wp-includes\class-wp-hook.php(286): YIT_Assets->register_styles_and_scripts('toplevel_page_k...')
#1 D:\wamp64\www\namanstore\wp-includes\class-wp-hook.php(310): WP_Hook->apply_filters(NULL, Array)
#2 D:\wamp64\www\namanstore\wp-includes\plugin.php(453): WP_Hook->do_action(Array)
#3 D:\wamp64\www\namanstore\wp-admin\admin-header.php(97): do_action('admin_enqueue_s...', 'toplevel_page_k...')
#4 D:\wamp64\www\namanstore\wp-admin\admin.php(216): require_once('D:\\wamp64\\www\\n...')
#5 {main}
  thrown in D:\wamp64\www\namanstore\wp-content\plugins\yith-woocommerce-wishlist\plugin-fw\lib\yit-assets.php on line 77

2019-06-26T07:09:09+00:00 CRITICAL Uncaught Error: Call to undefined method Automattic\WooCommerce\Client::plugin_url() in D:\wamp64\www\namanstore\wp-content\plugins\yith-woocommerce-wishlist\plugin-fw\lib\yit-assets.php:77
Stack trace:
#0 D:\wamp64\www\namanstore\wp-includes\class-wp-hook.php(286): YIT_Assets->register_styles_and_scripts('toplevel_page_k...')
#1 D:\wamp64\www\namanstore\wp-includes\class-wp-hook.php(310): WP_Hook->apply_filters(NULL, Array)
#2 D:\wamp64\www\namanstore\wp-includes\plugin.php(453): WP_Hook->do_action(Array)
#3 D:\wamp64\www\namanstore\wp-admin\admin-header.php(97): do_action('admin_enqueue_s...', 'toplevel_page_k...')
#4 D:\wamp64\www\namanstore\wp-admin\admin.php(216): require_once('D:\\wamp64\\www\\n...')
#5 {main}
  thrown in D:\wamp64\www\namanstore\wp-content\plugins\yith-woocommerce-wishlist\plugin-fw\lib\yit-assets.php on line 77

2019-06-26T07:14:22+00:00 CRITICAL Uncaught Error: Call to undefined method Automattic\WooCommerce\Client::plugin_url() in D:\wamp64\www\namanstore\wp-content\plugins\yith-woocommerce-wishlist\plugin-fw\lib\yit-assets.php:77
Stack trace:
#0 D:\wamp64\www\namanstore\wp-includes\class-wp-hook.php(286): YIT_Assets->register_styles_and_scripts('toplevel_page_k...')
#1 D:\wamp64\www\namanstore\wp-includes\class-wp-hook.php(310): WP_Hook->apply_filters(NULL, Array)
#2 D:\wamp64\www\namanstore\wp-includes\plugin.php(453): WP_Hook->do_action(Array)
#3 D:\wamp64\www\namanstore\wp-admin\admin-header.php(97): do_action('admin_enqueue_s...', 'toplevel_page_k...')
#4 D:\wamp64\www\namanstore\wp-admin\admin.php(216): require_once('D:\\wamp64\\www\\n...')
#5 {main}
  thrown in D:\wamp64\www\namanstore\wp-content\plugins\yith-woocommerce-wishlist\plugin-fw\lib\yit-assets.php on line 77

2019-06-26T07:14:46+00:00 CRITICAL Uncaught Error: Call to undefined method Automattic\WooCommerce\Client::plugin_url() in D:\wamp64\www\namanstore\wp-content\plugins\yith-woocommerce-wishlist\plugin-fw\lib\yit-assets.php:77
Stack trace:
#0 D:\wamp64\www\namanstore\wp-includes\class-wp-hook.php(286): YIT_Assets->register_styles_and_scripts('toplevel_page_k...')
#1 D:\wamp64\www\namanstore\wp-includes\class-wp-hook.php(310): WP_Hook->apply_filters(NULL, Array)
#2 D:\wamp64\www\namanstore\wp-includes\plugin.php(453): WP_Hook->do_action(Array)
#3 D:\wamp64\www\namanstore\wp-admin\admin-header.php(97): do_action('admin_enqueue_s...', 'toplevel_page_k...')
#4 D:\wamp64\www\namanstore\wp-admin\admin.php(216): require_once('D:\\wamp64\\www\\n...')
#5 {main}
  thrown in D:\wamp64\www\namanstore\wp-content\plugins\yith-woocommerce-wishlist\plugin-fw\lib\yit-assets.php on line 77

2019-06-26T07:14:52+00:00 CRITICAL Uncaught Error: Call to undefined method Automattic\WooCommerce\Client::plugin_url() in D:\wamp64\www\namanstore\wp-content\plugins\yith-woocommerce-wishlist\plugin-fw\lib\yit-assets.php:77
Stack trace:
#0 D:\wamp64\www\namanstore\wp-includes\class-wp-hook.php(286): YIT_Assets->register_styles_and_scripts('toplevel_page_k...')
#1 D:\wamp64\www\namanstore\wp-includes\class-wp-hook.php(310): WP_Hook->apply_filters(NULL, Array)
#2 D:\wamp64\www\namanstore\wp-includes\plugin.php(453): WP_Hook->do_action(Array)
#3 D:\wamp64\www\namanstore\wp-admin\admin-header.php(97): do_action('admin_enqueue_s...', 'toplevel_page_k...')
#4 D:\wamp64\www\namanstore\wp-admin\admin.php(216): require_once('D:\\wamp64\\www\\n...')
#5 {main}
  thrown in D:\wamp64\www\namanstore\wp-content\plugins\yith-woocommerce-wishlist\plugin-fw\lib\yit-assets.php on line 77

2019-06-26T07:19:25+00:00 CRITICAL Uncaught Error: Call to undefined method WooCommerce::get() in D:\wamp64\www\namanstore\wp-content\plugins\kioviet\kioviet.php:81
Stack trace:
#0 D:\wamp64\www\namanstore\wp-content\plugins\kioviet\kioviet.php(56): query_sync_data_by_productID(NULL, NULL)
#1 D:\wamp64\www\namanstore\wp-includes\class-wp-hook.php(286): sync_data_ajax('')
#2 D:\wamp64\www\namanstore\wp-includes\class-wp-hook.php(310): WP_Hook->apply_filters('', Array)
#3 D:\wamp64\www\namanstore\wp-includes\plugin.php(453): WP_Hook->do_action(Array)
#4 D:\wamp64\www\namanstore\wp-admin\admin-ajax.php(99): do_action('wp_ajax_sync_da...')
#5 {main}
  thrown in D:\wamp64\www\namanstore\wp-content\plugins\kioviet\kioviet.php on line 81

2019-06-26T07:22:12+00:00 CRITICAL Uncaught Error: Call to undefined method WooCommerce::get() in D:\wamp64\www\namanstore\wp-content\plugins\kioviet\kioviet.php:74
Stack trace:
#0 D:\wamp64\www\namanstore\wp-content\plugins\kioviet\kioviet.php(56): query_sync_data_by_productID(NULL, NULL)
#1 D:\wamp64\www\namanstore\wp-includes\class-wp-hook.php(286): sync_data_ajax('')
#2 D:\wamp64\www\namanstore\wp-includes\class-wp-hook.php(310): WP_Hook->apply_filters('', Array)
#3 D:\wamp64\www\namanstore\wp-includes\plugin.php(453): WP_Hook->do_action(Array)
#4 D:\wamp64\www\namanstore\wp-admin\admin-ajax.php(99): do_action('wp_ajax_sync_da...')
#5 {main}
  thrown in D:\wamp64\www\namanstore\wp-content\plugins\kioviet\kioviet.php on line 74

2019-06-26T07:22:46+00:00 CRITICAL Cannot redeclare my_rest_api_init() (previously declared in D:\wamp64\www\namanstore\wp-content\plugins\kioviet\kioviet.php:61) in D:\wamp64\www\namanstore\wp-content\themes\flatsome-child\functions.php on line 145

2019-06-26T07:23:04+00:00 CRITICAL Uncaught Error: Call to undefined method WooCommerce::get() in D:\wamp64\www\namanstore\wp-content\plugins\kioviet\kioviet.php:73
Stack trace:
#0 D:\wamp64\www\namanstore\wp-content\plugins\kioviet\kioviet.php(56): query_sync_data_by_productID(NULL, NULL)
#1 D:\wamp64\www\namanstore\wp-includes\class-wp-hook.php(286): sync_data_ajax('')
#2 D:\wamp64\www\namanstore\wp-includes\class-wp-hook.php(310): WP_Hook->apply_filters('', Array)
#3 D:\wamp64\www\namanstore\wp-includes\plugin.php(453): WP_Hook->do_action(Array)
#4 D:\wamp64\www\namanstore\wp-admin\admin-ajax.php(99): do_action('wp_ajax_sync_da...')
#5 {main}
  thrown in D:\wamp64\www\namanstore\wp-content\plugins\kioviet\kioviet.php on line 73

2019-06-26T07:23:35+00:00 CRITICAL Uncaught Error: Call to undefined method WooCommerce::get() in D:\wamp64\www\namanstore\wp-content\plugins\kioviet\kioviet.php:73
Stack trace:
#0 D:\wamp64\www\namanstore\wp-content\plugins\kioviet\kioviet.php(56): query_sync_data_by_productID(NULL, NULL)
#1 D:\wamp64\www\namanstore\wp-includes\class-wp-hook.php(286): sync_data_ajax('')
#2 D:\wamp64\www\namanstore\wp-includes\class-wp-hook.php(310): WP_Hook->apply_filters('', Array)
#3 D:\wamp64\www\namanstore\wp-includes\plugin.php(453): WP_Hook->do_action(Array)
#4 D:\wamp64\www\namanstore\wp-admin\admin-ajax.php(99): do_action('wp_ajax_sync_da...')
#5 {main}
  thrown in D:\wamp64\www\namanstore\wp-content\plugins\kioviet\kioviet.php on line 73

2019-06-26T07:24:38+00:00 CRITICAL Uncaught Error: Call to undefined method WooCommerce::get() in D:\wamp64\www\namanstore\wp-content\plugins\kioviet\kioviet.php:89
Stack trace:
#0 D:\wamp64\www\namanstore\wp-content\plugins\kioviet\kioviet.php(56): query_sync_data_by_productID(NULL, NULL)
#1 D:\wamp64\www\namanstore\wp-includes\class-wp-hook.php(286): sync_data_ajax('')
#2 D:\wamp64\www\namanstore\wp-includes\class-wp-hook.php(310): WP_Hook->apply_filters('', Array)
#3 D:\wamp64\www\namanstore\wp-includes\plugin.php(453): WP_Hook->do_action(Array)
#4 D:\wamp64\www\namanstore\wp-admin\admin-ajax.php(99): do_action('wp_ajax_sync_da...')
#5 {main}
  thrown in D:\wamp64\www\namanstore\wp-content\plugins\kioviet\kioviet.php on line 89

2019-06-26T07:26:34+00:00 CRITICAL Uncaught Error: Call to a member function get() on null in D:\wamp64\www\namanstore\wp-content\plugins\kioviet\kioviet.php:89
Stack trace:
#0 D:\wamp64\www\namanstore\wp-content\plugins\kioviet\kioviet.php(56): query_sync_data_by_productID(NULL, NULL)
#1 D:\wamp64\www\namanstore\wp-includes\class-wp-hook.php(286): sync_data_ajax('')
#2 D:\wamp64\www\namanstore\wp-includes\class-wp-hook.php(310): WP_Hook->apply_filters('', Array)
#3 D:\wamp64\www\namanstore\wp-includes\plugin.php(453): WP_Hook->do_action(Array)
#4 D:\wamp64\www\namanstore\wp-admin\admin-ajax.php(99): do_action('wp_ajax_sync_da...')
#5 {main}
  thrown in D:\wamp64\www\namanstore\wp-content\plugins\kioviet\kioviet.php on line 89

2019-06-26T07:54:41+00:00 CRITICAL Uncaught Error: Call to undefined method WooCommerce::get() in D:\wamp64\www\namanstore\wp-content\plugins\kioviet\kioviet.php:79
Stack trace:
#0 D:\wamp64\www\namanstore\wp-content\plugins\kioviet\kioviet.php(55): query_sync_data_by_productID(NULL, NULL)
#1 D:\wamp64\www\namanstore\wp-includes\class-wp-hook.php(286): sync_data_ajax('')
#2 D:\wamp64\www\namanstore\wp-includes\class-wp-hook.php(310): WP_Hook->apply_filters('', Array)
#3 D:\wamp64\www\namanstore\wp-includes\plugin.php(453): WP_Hook->do_action(Array)
#4 D:\wamp64\www\namanstore\wp-admin\admin-ajax.php(99): do_action('wp_ajax_sync_da...')
#5 {main}
  thrown in D:\wamp64\www\namanstore\wp-content\plugins\kioviet\kioviet.php on line 79

2019-06-26T07:54:49+00:00 CRITICAL Uncaught Error: Class 'Automattic\WooCommerce\Client' not found in D:\wamp64\www\namanstore\wp-content\plugins\kioviet\kioviet.php:61
Stack trace:
#0 D:\wamp64\www\namanstore\wp-content\plugins\kioviet\kioviet.php(55): query_sync_data_by_productID(NULL, NULL)
#1 D:\wamp64\www\namanstore\wp-includes\class-wp-hook.php(286): sync_data_ajax('')
#2 D:\wamp64\www\namanstore\wp-includes\class-wp-hook.php(310): WP_Hook->apply_filters('', Array)
#3 D:\wamp64\www\namanstore\wp-includes\plugin.php(453): WP_Hook->do_action(Array)
#4 D:\wamp64\www\namanstore\wp-admin\admin-ajax.php(99): do_action('wp_ajax_sync_da...')
#5 {main}
  thrown in D:\wamp64\www\namanstore\wp-content\plugins\kioviet\kioviet.php on line 61

2019-06-26T07:58:06+00:00 CRITICAL Uncaught Error: Call to undefined method Automattic\WooCommerce\Client::plugin_url() in D:\wamp64\www\namanstore\wp-content\plugins\yith-woocommerce-wishlist\plugin-fw\lib\yit-assets.php:77
Stack trace:
#0 D:\wamp64\www\namanstore\wp-includes\class-wp-hook.php(286): YIT_Assets->register_styles_and_scripts('toplevel_page_k...')
#1 D:\wamp64\www\namanstore\wp-includes\class-wp-hook.php(310): WP_Hook->apply_filters(NULL, Array)
#2 D:\wamp64\www\namanstore\wp-includes\plugin.php(453): WP_Hook->do_action(Array)
#3 D:\wamp64\www\namanstore\wp-admin\admin-header.php(97): do_action('admin_enqueue_s...', 'toplevel_page_k...')
#4 D:\wamp64\www\namanstore\wp-admin\admin.php(216): require_once('D:\\wamp64\\www\\n...')
#5 {main}
  thrown in D:\wamp64\www\namanstore\wp-content\plugins\yith-woocommerce-wishlist\plugin-fw\lib\yit-assets.php on line 77

2019-06-26T08:19:12+00:00 CRITICAL Uncaught Automattic\WooCommerce\HttpClient\HttpClientException: Error: Invalid parameter(s): regular_price [rest_invalid_param] in D:\wamp64\www\namanstore\wp-content\themes\flatsome-child\vendor\automattic\woocommerce\src\WooCommerce\HttpClient\HttpClient.php:350
Stack trace:
#0 D:\wamp64\www\namanstore\wp-content\themes\flatsome-child\vendor\automattic\woocommerce\src\WooCommerce\HttpClient\HttpClient.php(386): Automattic\WooCommerce\HttpClient\HttpClient->lookForErrors(Object(stdClass))
#1 D:\wamp64\www\namanstore\wp-content\themes\flatsome-child\vendor\automattic\woocommerce\src\WooCommerce\HttpClient\HttpClient.php(422): Automattic\WooCommerce\HttpClient\HttpClient->processResponse()
#2 D:\wamp64\www\namanstore\wp-content\themes\flatsome-child\vendor\automattic\woocommerce\src\WooCommerce\Client.php(56): Automattic\WooCommerce\HttpClient\HttpClient->request('products', 'POST', Array)
#3 D:\wamp64\www\namanstore\wp-content\plugins\kioviet\kioviet.php(87): Automattic\WooCommerce\Client->post('products', Ar in D:\wamp64\www\namanstore\wp-content\themes\flatsome-child\vendor\automattic\woocommerce\src\WooCommerce\HttpClient\HttpClient.php on line 350

